  Circuit_PainterView.cpp
C:\Users\14117\source\repos\Circuit_Painter\Circuit_Painter\Circuit_PainterView.cpp(137): warning C4267: “初始化”: 从“size_t”转换到“int”，可能丢失数据
C:\Users\14117\source\repos\Circuit_Painter\Circuit_Painter\Circuit_PainterView.cpp(155): warning C4267: “参数”: 从“size_t”转换到“int”，可能丢失数据
C:\Users\14117\source\repos\Circuit_Painter\Circuit_Painter\Circuit_PainterView.cpp(311): warning C4244: “参数”: 从“__int64”转换到“const _Ty”，可能丢失数据
          with
          [
              _Ty=int
          ]
C:\Users\14117\source\repos\Circuit_Painter\Circuit_Painter\Circuit_PainterView.cpp(312): warning C4244: “参数”: 从“__int64”转换到“const _Ty”，可能丢失数据
          with
          [
              _Ty=int
          ]
C:\Users\14117\source\repos\Circuit_Painter\Circuit_Painter\Circuit_PainterView.cpp(624): warning C4244: “参数”: 从“double”转换到“UINT”，可能丢失数据
C:\Users\14117\source\repos\Circuit_Painter\Circuit_Painter\Circuit_PainterView.cpp(624): warning C4244: “=”: 从“UINT_PTR”转换到“int”，可能丢失数据
  正在生成代码
  2 of 6302 functions (<0.1%) were compiled, the rest were copied from previous compilation.
    0 functions were new in current compilation
    98 functions had inline decision re-evaluated but remain unchanged
  已完成代码的生成
  Circuit_Painter.vcxproj -> C:\Users\14117\source\repos\Circuit_Painter\x64\Release\Circuit_Painter.exe
